#
# There is insufficient memory for the Java Runtime Environment to continue.
# Native memory allocation (malloc) failed to allocate 378944 bytes for Chunk::new
# Possible reasons:
#   The system is out of physical RAM or swap space
#   The process is running with CompressedOops enabled, and the Java Heap may be blocking the growth of the native heap
# Possible solutions:
#   Reduce memory load on the system
#   Increase physical memory or swap space
#   Check if swap backing store is full
#   Decrease Java heap size (-Xmx/-Xms)
#   Decrease number of Java threads
#   Decrease Java thread stack sizes (-Xss)
#   Set larger code cache with -XX:ReservedCodeCacheSize=
#   JVM is running with Unscaled Compressed Oops mode in which the Java heap is
#     placed in the first 4GB address space. The Java Heap base address is the
#     maximum limit for the native heap growth. Please use -XX:HeapBaseMinAddress
#     to set the Java Heap base and to place the Java Heap above 4GB virtual address.
# This output file may be truncated or incomplete.
#
#  Out of Memory Error (arena.cpp:184), pid=40144, tid=40312
#
# JRE version: Java(TM) SE Runtime Environment (18.0.2.1+1) (build 18.0.2.1+1-1)
# Java VM: Java HotSpot(TM) 64-Bit Server VM (18.0.2.1+1-1, mixed mode, sharing, tiered, compressed oops, compressed class ptrs, g1 gc, windows-amd64)
# No core dump will be written. Minidumps are not enabled by default on client versions of Windows
#

---------------  S U M M A R Y ------------

Command Line: -ea -Dfile.encoding=UTF-8 -XX:+ShowCodeDetailsInExceptionMessages org.testng.remote.RemoteTestNG -serport 52643 -protocol json -d C:\Users\Lenovo\eclipse-workspace\grampower\test-output C:\Users\Lenovo\eclipse-workspace\grampower\testng.xml

Host: Intel(R) Core(TM) i5-10300H CPU @ 2.50GHz, 8 cores, 7G,  Windows 11 , 64 bit Build 22621 (10.0.22621.2428)
Time: Wed Oct 18 05:59:41 2023 India Standard Time elapsed time: 6.112911 seconds (0d 0h 0m 6s)

---------------  T H R E A D  ---------------

Current thread (0x00000175feacdd80):  JavaThread "C2 CompilerThread0" daemon [_thread_in_native, id=40312, stack(0x0000001274f00000,0x0000001275000000)]


Current CompileTask:
C2:   6112 2347   !   4       java.util.zip.InflaterInputStream::read (122 bytes)

Stack: [0x0000001274f00000,0x0000001275000000]
Native frames: (J=compiled Java code, j=interpreted, Vv=VM code, C=native code)
V  [jvm.dll+0x6993aa]
V  [jvm.dll+0x7f46dd]
V  [jvm.dll+0x7f5fee]
V  [jvm.dll+0x7f66a3]
V  [jvm.dll+0x25cf1f]
V  [jvm.dll+0xb8c2f]
V  [jvm.dll+0xb8fa5]
V  [jvm.dll+0x3860cb]
V  [jvm.dll+0x1d2b72]
V  [jvm.dll+0x230259]
V  [jvm.dll+0x22f4d1]
V  [jvm.dll+0x1ba01c]
V  [jvm.dll+0x23ee0a]
V  [jvm.dll+0x23d0f5]
V  [jvm.dll+0x7a6dd1]
V  [jvm.dll+0x7a120a]
V  [jvm.dll+0x698255]
C  [ucrtbase.dll+0x29363]
C  [KERNEL32.DLL+0x1257d]
C  [ntdll.dll+0x5aa78]


---------------  P R O C E S S  ---------------

Threads class SMR info:
_java_thread_list=0x00000175a0093770, length=25, elements={
0x00000175fb19b370, 0x00000175feaa7390, 0x00000175feaaa7a0, 0x00000175feac1020,
0x00000175feac49e0, 0x00000175feac82d0, 0x00000175feacc170, 0x00000175feacdd80,
0x00000175feacfe20, 0x00000175feae2ee0, 0x000001759e9a6020, 0x000001759e9b5350,
0x000001759ef6c910, 0x000001759fb82730, 0x000001759f8f39d0, 0x000001759f97cd00,
0x000001759f911010, 0x000001759f8643b0, 0x000001759fa68040, 0x000001759fdf1700,
0x000001759fdf0890, 0x000001759fdefef0, 0x000001759fdf1bd0, 0x000001759fdf1230,
0x000001759fdf20a0
}

Java Threads: ( => current thread )
  0x00000175fb19b370 JavaThread "main" [_thread_in_native, id=2204, stack(0x0000001274200000,0x0000001274300000)]
  0x00000175feaa7390 JavaThread "Reference Handler" daemon [_thread_blocked, id=20316, stack(0x0000001274900000,0x0000001274a00000)]
  0x00000175feaaa7a0 JavaThread "Finalizer" daemon [_thread_blocked, id=31284, stack(0x0000001274a00000,0x0000001274b00000)]
  0x00000175feac1020 JavaThread "Signal Dispatcher" daemon [_thread_blocked, id=40508, stack(0x0000001274b00000,0x0000001274c00000)]
  0x00000175feac49e0 JavaThread "Attach Listener" daemon [_thread_blocked, id=40108, stack(0x0000001274c00000,0x0000001274d00000)]
  0x00000175feac82d0 JavaThread "Service Thread" daemon [_thread_blocked, id=39584, stack(0x0000001274d00000,0x0000001274e00000)]
  0x00000175feacc170 JavaThread "Monitor Deflation Thread" daemon [_thread_blocked, id=27300, stack(0x0000001274e00000,0x0000001274f00000)]
=>0x00000175feacdd80 JavaThread "C2 CompilerThread0" daemon [_thread_in_native, id=40312, stack(0x0000001274f00000,0x0000001275000000)]
  0x00000175feacfe20 JavaThread "C1 CompilerThread0" daemon [_thread_blocked, id=40704, stack(0x0000001275000000,0x0000001275100000)]
  0x00000175feae2ee0 JavaThread "Sweeper thread" daemon [_thread_blocked, id=39456, stack(0x0000001275100000,0x0000001275200000)]
  0x000001759e9a6020 JavaThread "Notification Thread" daemon [_thread_blocked, id=32108, stack(0x0000001275200000,0x0000001275300000)]
  0x000001759e9b5350 JavaThread "Common-Cleaner" daemon [_thread_blocked, id=3628, stack(0x0000001275400000,0x0000001275500000)]
  0x000001759ef6c910 JavaThread "ReaderThread" [_thread_in_native, id=13064, stack(0x0000001275600000,0x0000001275700000)]
  0x000001759fb82730 JavaThread "ForkJoinPool.commonPool-worker-1" daemon [_thread_blocked, id=22428, stack(0x0000001275e00000,0x0000001275f00000)]
  0x000001759f8f39d0 JavaThread "AsyncHttpClient-1-1" daemon [_thread_blocked, id=40212, stack(0x0000001275f00000,0x0000001276000000)]
  0x000001759f97cd00 JavaThread "Exec Default Executor" daemon [_thread_in_native, id=40208, stack(0x0000001276000000,0x0000001276100000)]
  0x000001759f911010 JavaThread "Exec Stream Pumper" daemon [_thread_in_native, id=34700, stack(0x0000001276100000,0x0000001276200000)]
  0x000001759f8643b0 JavaThread "Exec Stream Pumper" daemon [_thread_in_native, id=20960, stack(0x0000001276200000,0x0000001276300000)]
  0x000001759fa68040 JavaThread "Driver Service Executor" daemon [_thread_blocked, id=19784, stack(0x0000001276300000,0x0000001276400000)]
  0x000001759fdf1700 JavaThread "Driver Service Executor" daemon [_thread_blocked, id=27636, stack(0x0000001276400000,0x0000001276500000)]
  0x000001759fdf0890 JavaThread "UrlChecker-2" daemon [_thread_blocked, id=40816, stack(0x0000001276500000,0x0000001276600000)]
  0x000001759fdefef0 JavaThread "Keep-Alive-Timer" daemon [_thread_blocked, id=40848, stack(0x0000001276600000,0x0000001276700000)]
  0x000001759fdf1bd0 JavaThread "AsyncHttpClient-1-2" daemon [_thread_in_native, id=22008, stack(0x0000001276700000,0x0000001276800000)]
  0x000001759fdf1230 JavaThread "AsyncHttpClient-1-3" daemon [_thread_in_native, id=7344, stack(0x0000001276900000,0x0000001276a00000)]
  0x000001759fdf20a0 JavaThread "AsyncHttpClient-1-4" daemon [_thread_in_native, id=7236, stack(0x0000001276a00000,0x0000001276b00000)]

Other Threads:
  0x00000175feaa4230 VMThread "VM Thread" [stack: 0x0000001274800000,0x0000001274900000] [id=31372]
  0x000001759e9b1140 WatcherThread "VM Periodic Task Thread" [stack: 0x0000001275300000,0x0000001275400000] [id=40624]
  0x00000175fb1fb7d0 WorkerThread "GC Thread#0" [stack: 0x0000001274300000,0x0000001274400000] [id=20492]
  0x000001759f4f5cc0 WorkerThread "GC Thread#1" [stack: 0x0000001275700000,0x0000001275800000] [id=32924]
  0x000001759f9767a0 WorkerThread "GC Thread#2" [stack: 0x0000001275800000,0x0000001275900000] [id=36780]
  0x000001759f976a40 WorkerThread "GC Thread#3" [stack: 0x0000001275900000,0x0000001275a00000] [id=8652]
  0x000001759f971850 WorkerThread "GC Thread#4" [stack: 0x0000001275a00000,0x0000001275b00000] [id=16800]
  0x000001759f971af0 WorkerThread "GC Thread#5" [stack: 0x0000001275b00000,0x0000001275c00000] [id=13848]
  0x000001759f8a7a90 WorkerThread "GC Thread#6" [stack: 0x0000001275c00000,0x0000001275d00000] [id=40628]
  0x000001759f8a8130 WorkerThread "GC Thread#7" [stack: 0x0000001275d00000,0x0000001275e00000] [id=40796]
  0x00000175fb20caa0 ConcurrentGCThread "G1 Main Marker" [stack: 0x0000001274400000,0x0000001274500000] [id=39572]
  0x00000175fb20d490 WorkerThread "G1 Conc#0" [stack: 0x0000001274500000,0x0000001274600000] [id=30936]
  0x00000175a000ee60 WorkerThread "G1 Conc#1" [stack: 0x0000001276800000,0x0000001276900000] [id=19520]
  0x00000175fb24eb20 ConcurrentGCThread "G1 Refine#0" [stack: 0x0000001274600000,0x0000001274700000] [id=40392]
  0x00000175fe95e630 ConcurrentGCThread "G1 Service" [stack: 0x0000001274700000,0x0000001274800000] [id=38920]

Threads with active compile tasks:
C2 CompilerThread0     6134 2347   !   4       java.util.zip.InflaterInputStream::read (122 bytes)

VM state: not at safepoint (normal execution)

VM Mutex/Monitor currently owned by a thread: None

Heap address: 0x0000000082000000, size: 2016 MB, Compressed Oops mode: 32-bit

CDS archive(s) mapped at: [0x0000000800000000-0x0000000800ba0000-0x0000000800ba0000), size 12189696, SharedBaseAddress: 0x0000000800000000, ArchiveRelocationMode: 0.
Compressed class space mapped at: 0x0000000800c00000-0x0000000840c00000, reserved size: 1073741824
Narrow klass base: 0x0000000800000000, Narrow klass shift: 0, Narrow klass range: 0x100000000

GC Precious Log:
 CardTable entry size: 512
 Card Set container configuration: InlinePtr #cards 5 size 8 Array Of Cards #cards 12 size 40 Howl #buckets 4 coarsen threshold 1843 Howl Bitmap #cards 512 size 80 coarsen threshold 460 Card regions per heap region 1 cards per card region 2048
 CPUs: 8 total, 8 available
 Memory: 8059M
 Large Page Support: Disabled
 NUMA Support: Disabled
 Compressed Oops: Enabled (32-bit)
 Heap Region Size: 1M
 Heap Min Capacity: 8M
 Heap Initial Capacity: 126M
 Heap Max Capacity: 2016M
 Pre-touch: Disabled
 Parallel Workers: 8
 Concurrent Workers: 2
 Concurrent Refinement Workers: 8
 Periodic GC: Disabled

Heap:
 garbage-first heap   total 58368K, used 23472K [0x0000000082000000, 0x0000000100000000)
  region size 1024K, 14 young (14336K), 5 survivors (5120K)
 Metaspace       used 22981K, committed 23360K, reserved 1114112K
  class space    used 2806K, committed 3008K, reserved 1048576K

Heap Regions: E=young(eden), S=young(survivor), O=old, HS=humongous(starts), HC=humongous(continues), CS=collection set, F=free, OA=open archive, CA=closed archive, TAMS=top-at-mark-start (previous, next)
|   0|0x0000000082000000, 0x0000000082100000, 0x0000000082100000|100%| O|  |TAMS 0x0000000082100000, 0x0000000082000000| Untracked 
|   1|0x0000000082100000, 0x0000000082200000, 0x0000000082200000|100%| O|  |TAMS 0x0000000082200000, 0x0000000082100000| Untracked 
|   2|0x0000000082200000, 0x0000000082300000, 0x0000000082300000|100%| O|  |TAMS 0x0000000082300000, 0x0000000082200000| Untracked 
|   3|0x0000000082300000, 0x0000000082400000, 0x0000000082400000|100%| O|  |TAMS 0x0000000082400000, 0x0000000082300000| Untracked 
|   4|0x0000000082400000, 0x0000000082500000, 0x0000000082500000|100%| O|  |TAMS 0x0000000082500000, 0x0000000082400000| Untracked 
|   5|0x0000000082500000, 0x00000000825a0400, 0x0000000082600000| 62%| O|  |TAMS 0x00000000825a0400, 0x0000000082500000| Complete 
|   6|0x0000000082600000, 0x0000000082700000, 0x0000000082700000|100%|HS|  |TAMS 0x0000000082700000, 0x0000000082600000| Complete 
|   7|0x0000000082700000, 0x0000000082800000, 0x0000000082800000|100%|HC|  |TAMS 0x0000000082800000, 0x0000000082700000| Complete 
|   8|0x0000000082800000, 0x0000000082900000, 0x0000000082900000|100%|HC|  |TAMS 0x0000000082900000, 0x0000000082800000| Complete 
|   9|0x0000000082900000, 0x0000000082a00000, 0x0000000082a00000|100%|HC|  |TAMS 0x0000000082a00000, 0x0000000082900000| Complete 
|  10|0x0000000082a00000, 0x0000000082b00000, 0x0000000082b00000|100%|HC|  |TAMS 0x0000000082b00000, 0x0000000082a00000| Complete 
|  11|0x0000000082b00000, 0x0000000082b00000, 0x0000000082c00000|  0%| F|  |TAMS 0x0000000082b00000, 0x0000000082b00000| Untracked 
|  12|0x0000000082c00000, 0x0000000082c00000, 0x0000000082d00000|  0%| F|  |TAMS 0x0000000082c00000, 0x0000000082c00000| Untracked 
|  13|0x0000000082d00000, 0x0000000082d00000, 0x0000000082e00000|  0%| F|  |TAMS 0x0000000082d00000, 0x0000000082d00000| Untracked 
|  14|0x0000000082e00000, 0x0000000082e00000, 0x0000000082f00000|  0%| F|  |TAMS 0x0000000082e00000, 0x0000000082e00000| Untracked 
|  15|0x0000000082f00000, 0x0000000082f00000, 0x0000000083000000|  0%| F|  |TAMS 0x0000000082f00000, 0x0000000082f00000| Untracked 
|  16|0x0000000083000000, 0x0000000083000000, 0x0000000083100000|  0%| F|  |TAMS 0x0000000083000000, 0x0000000083000000| Untracked 
|  17|0x0000000083100000, 0x0000000083100000, 0x0000000083200000|  0%| F|  |TAMS 0x0000000083100000, 0x0000000083100000| Untracked 
|  18|0x0000000083200000, 0x0000000083200000, 0x0000000083300000|  0%| F|  |TAMS 0x0000000083200000, 0x0000000083200000| Untracked 
|  19|0x0000000083300000, 0x0000000083300000, 0x0000000083400000|  0%| F|  |TAMS 0x0000000083300000, 0x0000000083300000| Untracked 
|  20|0x0000000083400000, 0x0000000083400000, 0x0000000083500000|  0%| F|  |TAMS 0x0000000083400000, 0x0000000083400000| Untracked 
|  21|0x0000000083500000, 0x0000000083500000, 0x0000000083600000|  0%| F|  |TAMS 0x0000000083500000, 0x0000000083500000| Untracked 
|  22|0x0000000083600000, 0x0000000083600000, 0x0000000083700000|  0%| F|  |TAMS 0x0000000083600000, 0x0000000083600000| Untracked 
|  23|0x0000000083700000, 0x0000000083700000, 0x0000000083800000|  0%| F|  |TAMS 0x0000000083700000, 0x0000000083700000| Untracked 
|  24|0x0000000083800000, 0x0000000083800000, 0x0000000083900000|  0%| F|  |TAMS 0x0000000083800000, 0x0000000083800000| Untracked 
|  25|0x0000000083900000, 0x0000000083900000, 0x0000000083a00000|  0%| F|  |TAMS 0x0000000083900000, 0x0000000083900000| Untracked 
|  26|0x0000000083a00000, 0x0000000083a00000, 0x0000000083b00000|  0%| F|  |TAMS 0x0000000083a00000, 0x0000000083a00000| Untracked 
|  27|0x0000000083b00000, 0x0000000083b00000, 0x0000000083c00000|  0%| F|  |TAMS 0x0000000083b00000, 0x0000000083b00000| Untracked 
|  28|0x0000000083c00000, 0x0000000083c00000, 0x0000000083d00000|  0%| F|  |TAMS 0x0000000083c00000, 0x0000000083c00000| Untracked 
|  29|0x0000000083d00000, 0x0000000083d00000, 0x0000000083e00000|  0%| F|  |TAMS 0x0000000083d00000, 0x0000000083d00000| Untracked 
|  30|0x0000000083e00000, 0x0000000083e00000, 0x0000000083f00000|  0%| F|  |TAMS 0x0000000083e00000, 0x0000000083e00000| Untracked 
|  31|0x0000000083f00000, 0x0000000083f00000, 0x0000000084000000|  0%| F|  |TAMS 0x0000000083f00000, 0x0000000083f00000| Untracked 
|  32|0x0000000084000000, 0x0000000084000000, 0x0000000084100000|  0%| F|  |TAMS 0x0000000084000000, 0x0000000084000000| Untracked 
|  33|0x0000000084100000, 0x0000000084100000, 0x0000000084200000|  0%| F|  |TAMS 0x0000000084100000, 0x0000000084100000| Untracked 
|  34|0x0000000084200000, 0x0000000084200000, 0x0000000084300000|  0%| F|  |TAMS 0x0000000084200000, 0x0000000084200000| Untracked 
|  35|0x0000000084300000, 0x0000000084300000, 0x0000000084400000|  0%| F|  |TAMS 0x0000000084300000, 0x0000000084300000| Untracked 
|  36|0x0000000084400000, 0x0000000084400000, 0x0000000084500000|  0%| F|  |TAMS 0x0000000084400000, 0x0000000084400000| Untracked 
|  37|0x0000000084500000, 0x0000000084500000, 0x0000000084600000|  0%| F|  |TAMS 0x0000000084500000, 0x0000000084500000| Untracked 
|  38|0x0000000084600000, 0x0000000084600000, 0x0000000084700000|  0%| F|  |TAMS 0x0000000084600000, 0x0000000084600000| Untracked 
|  39|0x0000000084700000, 0x0000000084700000, 0x0000000084800000|  0%| F|  |TAMS 0x0000000084700000, 0x0000000084700000| Untracked 
|  40|0x0000000084800000, 0x0000000084800000, 0x0000000084900000|  0%| F|  |TAMS 0x0000000084800000, 0x0000000084800000| Untracked 
|  41|0x0000000084900000, 0x0000000084900000, 0x0000000084a00000|  0%| F|  |TAMS 0x0000000084900000, 0x0000000084900000| Untracked 
|  42|0x0000000084a00000, 0x0000000084a00000, 0x0000000084b00000|  0%| F|  |TAMS 0x0000000084a00000, 0x0000000084a00000| Untracked 
|  43|0x0000000084b00000, 0x0000000084c00000, 0x0000000084c00000|100%| E|  |TAMS 0x0000000084b00000, 0x0000000084b00000| Complete 
|  44|0x0000000084c00000, 0x0000000084d00000, 0x0000000084d00000|100%| E|CS|TAMS 0x0000000084c00000, 0x0000000084c00000| Complete 
|  45|0x0000000084d00000, 0x0000000084e00000, 0x0000000084e00000|100%| E|CS|TAMS 0x0000000084d00000, 0x0000000084d00000| Complete 
|  46|0x0000000084e00000, 0x0000000084f00000, 0x0000000084f00000|100%| E|CS|TAMS 0x0000000084e00000, 0x0000000084e00000| Complete 
|  47|0x0000000084f00000, 0x0000000085000000, 0x0000000085000000|100%| E|CS|TAMS 0x0000000084f00000, 0x0000000084f00000| Complete 
|  48|0x0000000085000000, 0x0000000085100000, 0x0000000085100000|100%| E|CS|TAMS 0x0000000085000000, 0x0000000085000000| Complete 
|  49|0x0000000085100000, 0x0000000085200000, 0x0000000085200000|100%| E|CS|TAMS 0x0000000085100000, 0x0000000085100000| Complete 
|  50|0x0000000085200000, 0x0000000085300000, 0x0000000085300000|100%| E|CS|TAMS 0x0000000085200000, 0x0000000085200000| Complete 
| 107|0x0000000088b00000, 0x0000000088b4bed0, 0x0000000088c00000| 29%| S|CS|TAMS 0x0000000088b00000, 0x0000000088b00000| Complete 
| 108|0x0000000088c00000, 0x0000000088d00000, 0x0000000088d00000|100%| S|CS|TAMS 0x0000000088c00000, 0x0000000088c00000| Complete 
| 109|0x0000000088d00000, 0x0000000088e00000, 0x0000000088e00000|100%| S|CS|TAMS 0x0000000088d00000, 0x0000000088d00000| Complete 
| 110|0x0000000088e00000, 0x0000000088f00000, 0x0000000088f00000|100%| S|CS|TAMS 0x0000000088e00000, 0x0000000088e00000| Complete 
| 111|0x0000000088f00000, 0x0000000089000000, 0x0000000089000000|100%| S|CS|TAMS 0x0000000088f00000, 0x0000000088f00000| Complete 
| 125|0x0000000089d00000, 0x0000000089e00000, 0x0000000089e00000|100%| E|CS|TAMS 0x0000000089d00000, 0x0000000089d00000| Complete 

Card table byte_map: [0x00000175fb970000,0x00000175fbd60000] _byte_map_base: 0x00000175fb560000

Marking Bits (Prev, Next): (CMBitMap*) 0x00000175fb1fbe10, (CMBitMap*) 0x00000175fb1fbdd0
 Prev Bits: [0x0000017596870000, 0x00000175987f0000)
 Next Bits: [0x00000175fc150000, 0x00000175fe0d0000)

Polling page: 0x00000175f9110000

Metaspace:

Usage:
  Non-class:     19.70 MB used.
      Class:      2.74 MB used.
       Both:     22.44 MB used.

Virtual space:
  Non-class space:       64.00 MB reserved,      19.88 MB ( 31%) committed,  1 nodes.
      Class space:        1.00 GB reserved,       2.94 MB ( <1%) committed,  1 nodes.
             Both:        1.06 GB reserved,      22.81 MB (  2%) committed. 

Chunk freelists:
   Non-Class:  95.00 KB
       Class:  1.03 MB
        Both:  1.12 MB

MaxMetaspaceSize: unlimited
CompressedClassSpaceSize: 1.00 GB
Initial GC threshold: 21.00 MB
Current GC threshold: 35.12 MB
CDS: on
MetaspaceReclaimPolicy: balanced
 - commit_granule_bytes: 65536.
 - commit_granule_words: 8192.
 - virtual_space_node_default_size: 8388608.
 - enlarge_chunks_in_place: 1.
 - new_chunks_are_fully_committed: 0.
 - uncommit_free_chunks: 1.
 - use_allocation_guard: 0.


Internal statistics:

num_allocs_failed_limit: 3.
num_arena_births: 386.
num_arena_deaths: 0.
num_vsnodes_births: 2.
num_vsnodes_deaths: 0.
num_space_committed: 365.
num_space_uncommitted: 0.
num_chunks_returned_to_freelist: 3.
num_chunks_taken_from_freelist: 975.
num_chunk_merges: 0.
num_chunk_splits: 665.
num_chunks_enlarged: 501.
num_inconsistent_stats: 0.

CodeHeap 'non-profiled nmethods': size=120000Kb used=884Kb max_used=884Kb free=119115Kb
 bounds [0x000001758f340000, 0x000001758f5b0000, 0x0000017596870000]
CodeHeap 'profiled nmethods': size=120000Kb used=4676Kb max_used=4676Kb free=115323Kb
 bounds [0x0000017587e10000, 0x00000175882b0000, 0x000001758f340000]
CodeHeap 'non-nmethods': size=5760Kb used=1291Kb max_used=1309Kb free=4468Kb
 bounds [0x0000017587870000, 0x0000017587ae0000, 0x0000017587e10000]
 total_blobs=2995 nmethods=2393 adapters=514
 compilation: enabled
              stopped_count=0, restarted_count=0
 full_count=0

Compilation events (20 events):
Event: 6.102 Thread 0x00000175feacfe20 2374       3       java.io.PrintWriter::write (11 bytes)
Event: 6.102 Thread 0x00000175feacfe20 nmethod 2374 0x0000017588296910 code [0x0000017588296ac0, 0x0000017588296d28]
Event: 6.102 Thread 0x00000175feacfe20 2375   !   3       java.io.PrintWriter::write (58 bytes)
Event: 6.103 Thread 0x00000175feacfe20 nmethod 2375 0x0000017588296e90 code [0x00000175882970a0, 0x0000017588297688]
Event: 6.103 Thread 0x00000175feacfe20 2376       3       java.lang.System::lineSeparator (4 bytes)
Event: 6.103 Thread 0x00000175feacfe20 nmethod 2376 0x0000017588297990 code [0x0000017588297b20, 0x0000017588297c18]
Event: 6.103 Thread 0x00000175feacfe20 2378       3       java.lang.Character::valueOf (21 bytes)
Event: 6.103 Thread 0x00000175feacfe20 nmethod 2378 0x0000017588297c90 code [0x0000017588297e40, 0x00000175882980d8]
Event: 6.103 Thread 0x00000175feacfe20 2379       3       java.lang.Character::hashCode (8 bytes)
Event: 6.103 Thread 0x00000175feacfe20 nmethod 2379 0x0000017588298210 code [0x00000175882983a0, 0x00000175882984f8]
Event: 6.103 Thread 0x00000175feacfe20 2380       3       java.lang.Character::hashCode (2 bytes)
Event: 6.103 Thread 0x00000175feacfe20 nmethod 2380 0x0000017588298590 code [0x0000017588298720, 0x0000017588298818]
Event: 6.103 Thread 0x00000175feacfe20 2377  s    3       java.lang.StringBuffer::append (15 bytes)
Event: 6.103 Thread 0x00000175feacfe20 nmethod 2377 0x0000017588298890 code [0x0000017588298a40, 0x0000017588298c68]
Event: 6.104 Thread 0x00000175feacfe20 2381       3       java.lang.Throwable$WrappedPrintWriter::println (9 bytes)
Event: 6.104 Thread 0x00000175feacfe20 nmethod 2381 0x0000017588298d10 code [0x0000017588298ec0, 0x0000017588299028]
Event: 6.104 Thread 0x00000175feacfe20 2382   !   3       java.io.PrintWriter::println (34 bytes)
Event: 6.105 Thread 0x00000175feacfe20 nmethod 2382 0x0000017588299110 code [0x0000017588299340, 0x0000017588299b18]
Event: 6.105 Thread 0x00000175feacfe20 2383       3       java.io.PrintWriter::print (9 bytes)
Event: 6.105 Thread 0x00000175feacfe20 nmethod 2383 0x0000017588299f10 code [0x000001758829a0e0, 0x000001758829a4c8]

GC Heap History (6 events):
Event: 0.721 GC heap before
{Heap before GC invocations=0 (full 0):
 garbage-first heap   total 129024K, used 22528K [0x0000000082000000, 0x0000000100000000)
  region size 1024K, 23 young (23552K), 0 survivors (0K)
 Metaspace       used 7619K, committed 7872K, reserved 1114112K
  class space    used 848K, committed 960K, reserved 1048576K
}
Event: 0.727 GC heap after
{Heap after GC invocations=1 (full 0):
 garbage-first heap   total 129024K, used 5796K [0x0000000082000000, 0x0000000100000000)
  region size 1024K, 3 young (3072K), 3 survivors (3072K)
 Metaspace       used 7619K, committed 7872K, reserved 1114112K
  class space    used 848K, committed 960K, reserved 1048576K
}
Event: 1.988 GC heap before
{Heap before GC invocations=1 (full 0):
 garbage-first heap   total 129024K, used 34468K [0x0000000082000000, 0x0000000100000000)
  region size 1024K, 31 young (31744K), 3 survivors (3072K)
 Metaspace       used 17451K, committed 17792K, reserved 1114112K
  class space    used 2035K, committed 2176K, reserved 1048576K
}
Event: 1.993 GC heap after
{Heap after GC invocations=2 (full 0):
 garbage-first heap   total 129024K, used 9407K [0x0000000082000000, 0x0000000100000000)
  region size 1024K, 4 young (4096K), 4 survivors (4096K)
 Metaspace       used 17451K, committed 17792K, reserved 1114112K
  class space    used 2035K, committed 2176K, reserved 1048576K
}
Event: 3.963 GC heap before
{Heap before GC invocations=2 (full 0):
 garbage-first heap   total 129024K, used 27839K [0x0000000082000000, 0x0000000100000000)
  region size 1024K, 18 young (18432K), 4 survivors (4096K)
 Metaspace       used 21223K, committed 21504K, reserved 1114112K
  class space    used 2549K, committed 2688K, reserved 1048576K
}
Event: 3.966 GC heap after
{Heap after GC invocations=3 (full 0):
 garbage-first heap   total 129024K, used 15280K [0x0000000082000000, 0x0000000100000000)
  region size 1024K, 5 young (5120K), 5 survivors (5120K)
 Metaspace       used 21223K, committed 21504K, reserved 1114112K
  class space    used 2549K, committed 2688K, reserved 1048576K
}

Deoptimization events (20 events):
Event: 1.994 Thread 0x00000175fb19b370 Uncommon trap: trap_request=0xffffff45 fr.pc=0x000001758f3a3c5c relative=0x000000000000005c
Event: 1.994 Thread 0x00000175fb19b370 Uncommon trap: reason=unstable_if action=reinterpret pc=0x000001758f3a3c5c method=java.lang.ref.ReferenceQueue.poll()Ljava/lang/ref/Reference; @ 4 c2
Event: 1.994 Thread 0x00000175fb19b370 DEOPT PACKING pc=0x000001758f3a3c5c sp=0x00000012742fd130
Event: 1.994 Thread 0x00000175fb19b370 DEOPT UNPACKING pc=0x00000175878c23a3 sp=0x00000012742fd0c0 mode 2
Event: 2.021 Thread 0x00000175fb19b370 Uncommon trap: trap_request=0xffffff45 fr.pc=0x000001758f3bdc88 relative=0x0000000000000668
Event: 2.021 Thread 0x00000175fb19b370 Uncommon trap: reason=unstable_if action=reinterpret pc=0x000001758f3bdc88 method=java.lang.String.replace(CC)Ljava/lang/String; @ 2 c2
Event: 2.021 Thread 0x00000175fb19b370 DEOPT PACKING pc=0x000001758f3bdc88 sp=0x00000012742fe520
Event: 2.021 Thread 0x00000175fb19b370 DEOPT UNPACKING pc=0x00000175878c23a3 sp=0x00000012742fe4d0 mode 2
Event: 3.926 Thread 0x000001759fdf1bd0 Uncommon trap: trap_request=0xffffff45 fr.pc=0x000001758f3d65d4 relative=0x0000000000000054
Event: 3.926 Thread 0x000001759fdf1bd0 Uncommon trap: reason=unstable_if action=reinterpret pc=0x000001758f3d65d4 method=java.lang.CharacterData.of(I)Ljava/lang/CharacterData; @ 15 c2
Event: 3.926 Thread 0x000001759fdf1bd0 DEOPT PACKING pc=0x000001758f3d65d4 sp=0x00000012767fdbd0
Event: 3.926 Thread 0x000001759fdf1bd0 DEOPT UNPACKING pc=0x00000175878c23a3 sp=0x00000012767fdb60 mode 2
Event: 5.940 Thread 0x00000175fb19b370 Uncommon trap: trap_request=0xffffff45 fr.pc=0x000001758f3ec540 relative=0x0000000000000ea0
Event: 5.941 Thread 0x00000175fb19b370 Uncommon trap: reason=unstable_if action=reinterpret pc=0x000001758f3ec540 method=java.util.concurrent.ConcurrentHashMap.putVal(Ljava/lang/Object;Ljava/lang/Object;Z)Ljava/lang/Object; @ 231 c2
Event: 5.941 Thread 0x00000175fb19b370 DEOPT PACKING pc=0x000001758f3ec540 sp=0x00000012742fe500
Event: 5.941 Thread 0x00000175fb19b370 DEOPT UNPACKING pc=0x00000175878c23a3 sp=0x00000012742fe470 mode 2
Event: 5.995 Thread 0x00000175fb19b370 Uncommon trap: trap_request=0xffffff45 fr.pc=0x000001758f38cba0 relative=0x0000000000000280
Event: 5.995 Thread 0x00000175fb19b370 Uncommon trap: reason=unstable_if action=reinterpret pc=0x000001758f38cba0 method=java.util.concurrent.ConcurrentHashMap.get(Ljava/lang/Object;)Ljava/lang/Object; @ 152 c2
Event: 5.995 Thread 0x00000175fb19b370 DEOPT PACKING pc=0x000001758f38cba0 sp=0x00000012742fe970
Event: 5.995 Thread 0x00000175fb19b370 DEOPT UNPACKING pc=0x00000175878c23a3 sp=0x00000012742fe8e8 mode 2

Classes loaded (20 events):
Event: 6.066 Loading class sun/util/resources/TimeZoneNamesBundle done
Event: 6.066 Loading class sun/util/resources/cldr/TimeZoneNames done
Event: 6.067 Loading class sun/util/resources/cldr/TimeZoneNames_en
Event: 6.067 Loading class sun/util/resources/cldr/TimeZoneNames_en done
Event: 6.069 Loading class sun/util/cldr/CLDRBaseLocaleDataMetaInfo$TZCanonicalIDMapHolder
Event: 6.069 Loading class sun/util/cldr/CLDRBaseLocaleDataMetaInfo$TZCanonicalIDMapHolder done
Event: 6.071 Loading class sun/util/resources/TimeZoneNames
Event: 6.072 Loading class sun/util/resources/TimeZoneNames done
Event: 6.073 Loading class sun/util/resources/TimeZoneNames_en
Event: 6.073 Loading class sun/util/resources/TimeZoneNames_en done
Event: 6.077 Loading class java/text/StringCharacterIterator
Event: 6.077 Loading class java/text/CharacterIterator
Event: 6.077 Loading class java/text/CharacterIterator done
Event: 6.077 Loading class java/text/StringCharacterIterator done
Event: 6.078 Loading class java/util/concurrent/ConcurrentLinkedDeque$Itr
Event: 6.078 Loading class java/util/concurrent/ConcurrentLinkedDeque$AbstractItr
Event: 6.078 Loading class java/util/concurrent/ConcurrentLinkedDeque$AbstractItr done
Event: 6.078 Loading class java/util/concurrent/ConcurrentLinkedDeque$Itr done
Event: 6.102 Loading class sun/util/resources/cldr/TimeZoneNames_en_US
Event: 6.102 Loading class sun/util/resources/cldr/TimeZoneNames_en_US done

Classes unloaded (0 events):
No events

Classes redefined (0 events):
No events

Internal exceptions (20 events):
Event: 2.186 Thread 0x000001759fdf0890 Exception <a 'java/net/SocketException'{0x0000000089a66fd0}: Socket is not connected: shutdown> (0x0000000089a66fd0) 
thrown [s\open\src\hotspot\share\prims\jni.cpp, line 535]
Event: 2.281 Thread 0x000001759fdf0890 Exception <a 'java/net/ConnectException'{0x0000000089a67f68}: Connection refused: no further information> (0x0000000089a67f68) 
thrown [s\open\src\hotspot\share\prims\jni.cpp, line 535]
Event: 2.281 Thread 0x000001759fdf0890 Exception <a 'java/net/SocketException'{0x0000000089a682a0}: Socket is not connected: shutdown> (0x0000000089a682a0) 
thrown [s\open\src\hotspot\share\prims\jni.cpp, line 535]
Event: 2.443 Thread 0x000001759fdf0890 Exception <a 'java/net/ConnectException'{0x0000000089a69238}: Connection refused: no further information> (0x0000000089a69238) 
thrown [s\open\src\hotspot\share\prims\jni.cpp, line 535]
Event: 2.443 Thread 0x000001759fdf0890 Exception <a 'java/net/SocketException'{0x0000000089a69570}: Socket is not connected: shutdown> (0x0000000089a69570) 
thrown [s\open\src\hotspot\share\prims\jni.cpp, line 535]
Event: 2.768 Thread 0x000001759fdf0890 Exception <a 'java/net/ConnectException'{0x0000000089a6a508}: Connection refused: no further information> (0x0000000089a6a508) 
thrown [s\open\src\hotspot\share\prims\jni.cpp, line 535]
Event: 2.768 Thread 0x000001759fdf0890 Exception <a 'java/net/SocketException'{0x0000000089a6a840}: Socket is not connected: shutdown> (0x0000000089a6a840) 
thrown [s\open\src\hotspot\share\prims\jni.cpp, line 535]
Event: 3.101 Thread 0x000001759fdf0890 Exception <a 'java/net/ConnectException'{0x0000000089a6b7d8}: Connection refused: no further information> (0x0000000089a6b7d8) 
thrown [s\open\src\hotspot\share\prims\jni.cpp, line 535]
Event: 3.102 Thread 0x000001759fdf0890 Exception <a 'java/net/SocketException'{0x0000000089a6bb10}: Socket is not connected: shutdown> (0x0000000089a6bb10) 
thrown [s\open\src\hotspot\share\prims\jni.cpp, line 535]
Event: 3.435 Thread 0x000001759fdf0890 Exception <a 'java/net/ConnectException'{0x0000000089a6caa8}: Connection refused: no further information> (0x0000000089a6caa8) 
thrown [s\open\src\hotspot\share\prims\jni.cpp, line 535]
Event: 3.435 Thread 0x000001759fdf0890 Exception <a 'java/net/SocketException'{0x0000000089a6cde0}: Socket is not connected: shutdown> (0x0000000089a6cde0) 
thrown [s\open\src\hotspot\share\prims\jni.cpp, line 535]
Event: 3.783 Thread 0x00000175fb19b370 Exception <a 'java/lang/NoSuchMethodError'{0x000000008999ed60}: 'void java.lang.invoke.DirectMethodHandle$Holder.invokeSpecial(java.lang.Object, java.lang.Object, java.lang.Object, java.lang.Object, java.lang.Object)'> (0x000000008999ed60) 
thrown [s\open\src\hotspot\share\interpreter\linkResolver.cpp, line 759]
Event: 3.784 Thread 0x00000175fb19b370 Exception <a 'java/lang/NoSuchMethodError'{0x00000000899a5b78}: 'void java.lang.invoke.DirectMethodHandle$Holder.invokeStatic(java.lang.Object, java.lang.Object, int)'> (0x00000000899a5b78) 
thrown [s\open\src\hotspot\share\interpreter\linkResolver.cpp, line 759]
Event: 3.809 Thread 0x00000175fb19b370 Exception <a 'java/lang/NoSuchMethodError'{0x0000000089769848}: 'int java.lang.invoke.DirectMethodHandle$Holder.invokeSpecialIFC(java.lang.Object, java.lang.Object, java.lang.Object)'> (0x0000000089769848) 
thrown [s\open\src\hotspot\share\interpreter\linkResolver.cpp, line 759]
Event: 3.855 Thread 0x00000175fb19b370 Exception <a 'java/lang/NoSuchMethodError'{0x00000000895eb708}: 'void java.lang.invoke.DirectMethodHandle$Holder.invokeSpecial(java.lang.Object, java.lang.Object, java.lang.Object, java.lang.Object, java.lang.Object, java.lang.Object)'> (0x00000000895eb708) 
thrown [s\open\src\hotspot\share\interpreter\linkResolver.cpp, line 759]
Event: 3.865 Thread 0x00000175fb19b370 Exception <a 'java/lang/NoSuchMethodError'{0x0000000089478f58}: 'long java.lang.invoke.DirectMethodHandle$Holder.invokeInterface(java.lang.Object, java.lang.Object)'> (0x0000000089478f58) 
thrown [s\open\src\hotspot\share\interpreter\linkResolver.cpp, line 759]
Event: 3.866 Thread 0x00000175fb19b370 Exception <a 'java/lang/NoSuchMethodError'{0x000000008947ceb0}: 'long java.lang.invoke.DelegatingMethodHandle$Holder.reinvoke_L(java.lang.Object, java.lang.Object)'> (0x000000008947ceb0) 
thrown [s\open\src\hotspot\share\interpreter\linkResolver.cpp, line 759]
Event: 5.924 Thread 0x00000175fb19b370 Exception <a 'java/lang/NoSuchMethodError'{0x000000008500ab00}: 'java.lang.Object java.lang.invoke.DirectMethodHandle$Holder.invokeSpecialIFC(java.lang.Object, java.lang.Object, java.lang.Object)'> (0x000000008500ab00) 
thrown [s\open\src\hotspot\share\interpreter\linkResolver.cpp, line 759]
Event: 5.997 Thread 0x00000175fb19b370 Exception <a 'java/lang/NoSuchMethodError'{0x0000000084e61e28}: 'long java.lang.invoke.Invokers$Holder.invokeExact_MT(java.lang.Object, java.lang.Object, java.lang.Object)'> (0x0000000084e61e28) 
thrown [s\open\src\hotspot\share\interpreter\linkResolver.cpp, line 759]
Event: 6.022 Thread 0x00000175fb19b370 Exception <a 'java/lang/NoSuchMethodError'{0x0000000084dbcb00}: 'void java.lang.invoke.DirectMethodHandle$Holder.invokeInterface(java.lang.Object, java.lang.Object)'> (0x0000000084dbcb00) 
thrown [s\open\src\hotspot\share\interpreter\linkResolver.cpp, line 759]

VM Operations (20 events):
Event: 1.930 Executing VM operation: HandshakeAllThreads
Event: 1.930 Executing VM operation: HandshakeAllThreads done
Event: 1.936 Executing VM operation: HandshakeAllThreads
Event: 1.936 Executing VM operation: HandshakeAllThreads done
Event: 1.988 Executing VM operation: G1CollectForAllocation
Event: 1.993 Executing VM operation: G1CollectForAllocation done
Event: 3.006 Executing VM operation: Cleanup
Event: 3.006 Executing VM operation: Cleanup done
Event: 3.766 Executing VM operation: HandshakeAllThreads
Event: 3.766 Executing VM operation: HandshakeAllThreads done
Event: 3.768 Executing VM operation: HandshakeAllThreads
Event: 3.768 Executing VM operation: HandshakeAllThreads done
Event: 3.963 Executing VM operation: CollectForMetadataAllocation
Event: 3.966 Executing VM operation: CollectForMetadataAllocation done
Event: 3.970 Executing VM operation: G1Concurrent
Event: 3.972 Executing VM operation: G1Concurrent done
Event: 3.973 Executing VM operation: G1Concurrent
Event: 3.975 Executing VM operation: G1Concurrent done
Event: 5.987 Executing VM operation: Cleanup
Event: 5.987 Executing VM operation: Cleanup done

Events (20 events):
Event: 0.096 Loaded shared library C:\Program Files\Java\jdk-18.0.2.1\bin\nio.dll
Event: 0.101 Loaded shared library C:\Program Files\Java\jdk-18.0.2.1\bin\zip.dll
Event: 0.247 Loaded shared library C:\Program Files\Java\jdk-18.0.2.1\bin\jimage.dll
Event: 0.270 Loaded shared library C:\Program Files\Java\jdk-18.0.2.1\bin\verify.dll
Event: 0.329 Thread 0x000001759ef6c910 Thread added: 0x000001759ef6c910
Event: 1.597 Thread 0x000001759fb82730 Thread added: 0x000001759fb82730
Event: 1.652 Loaded shared library C:\Program Files\Java\jdk-18.0.2.1\bin\management.dll
Event: 1.659 Loaded shared library C:\Program Files\Java\jdk-18.0.2.1\bin\management_ext.dll
Event: 1.683 Thread 0x000001759f8f39d0 Thread added: 0x000001759f8f39d0
Event: 1.726 Loaded shared library C:\Program Files\Java\jdk-18.0.2.1\bin\sunmscapi.dll
Event: 2.022 Thread 0x000001759f97cd00 Thread added: 0x000001759f97cd00
Event: 2.030 Thread 0x000001759f911010 Thread added: 0x000001759f911010
Event: 2.030 Thread 0x000001759f8643b0 Thread added: 0x000001759f8643b0
Event: 2.078 Thread 0x000001759fa68040 Thread added: 0x000001759fa68040
Event: 2.078 Thread 0x000001759fdf1700 Thread added: 0x000001759fdf1700
Event: 2.081 Thread 0x000001759fdf0890 Thread added: 0x000001759fdf0890
Event: 3.768 Thread 0x000001759fdefef0 Thread added: 0x000001759fdefef0
Event: 3.919 Thread 0x000001759fdf1bd0 Thread added: 0x000001759fdf1bd0
Event: 5.968 Thread 0x000001759fdf1230 Thread added: 0x000001759fdf1230
Event: 5.984 Thread 0x000001759fdf20a0 Thread added: 0x000001759fdf20a0


Dynamic libraries:
0x00007ff715610000 - 0x00007ff715620000 	C:\Program Files\Java\jdk-18.0.2.1\bin\javaw.exe
0x00007ffeb5c50000 - 0x00007ffeb5e67000 	C:\WINDOWS\SYSTEM32\ntdll.dll
0x00007ffeb45c0000 - 0x00007ffeb4684000 	C:\WINDOWS\System32\KERNEL32.DLL
0x00007ffeb3560000 - 0x00007ffeb3906000 	C:\WINDOWS\System32\KERNELBASE.dll
0x00007ffeb2fd0000 - 0x00007ffeb30e1000 	C:\WINDOWS\System32\ucrtbase.dll
0x00007ffe7db30000 - 0x00007ffe7db4a000 	C:\Program Files\Java\jdk-18.0.2.1\bin\VCRUNTIME140.dll
0x00007ffe71550000 - 0x00007ffe71568000 	C:\Program Files\Java\jdk-18.0.2.1\bin\jli.dll
0x00007ffeb5b10000 - 0x00007ffeb5bc0000 	C:\WINDOWS\System32\ADVAPI32.dll
0x00007ffeb4270000 - 0x00007ffeb4317000 	C:\WINDOWS\System32\msvcrt.dll
0x00007ffeb5110000 - 0x00007ffeb51b6000 	C:\WINDOWS\System32\sechost.dll
0x00007ffeb4790000 - 0x00007ffeb48a7000 	C:\WINDOWS\System32\RPCRT4.dll
0x00007ffeb40c0000 - 0x00007ffeb426d000 	C:\WINDOWS\System32\USER32.dll
0x00007ffeb3260000 - 0x00007ffeb3286000 	C:\WINDOWS\System32\win32u.dll
0x00007ffeb51c0000 - 0x00007ffeb51e9000 	C:\WINDOWS\System32\GDI32.dll
0x00007ffeb33c0000 - 0x00007ffeb34d8000 	C:\WINDOWS\System32\gdi32full.dll
0x00007ffeb3910000 - 0x00007ffeb39aa000 	C:\WINDOWS\System32\msvcp_win.dll
0x00007ffe99a60000 - 0x00007ffe99cf3000 	C:\WINDOWS\WinSxS\amd64_microsoft.windows.common-controls_6595b64144ccf1df_6.0.22621.2361_none_2712ced57382f843\COMCTL32.dll
0x00007ffea91d0000 - 0x00007ffea91da000 	C:\WINDOWS\SYSTEM32\VERSION.dll
0x00007ffeb4380000 - 0x00007ffeb43b1000 	C:\WINDOWS\System32\IMM32.DLL
0x00007ffe7db20000 - 0x00007ffe7db2c000 	C:\Program Files\Java\jdk-18.0.2.1\bin\vcruntime140_1.dll
0x00007ffe3f260000 - 0x00007ffe3f2ed000 	C:\Program Files\Java\jdk-18.0.2.1\bin\msvcp140.dll
0x00007ffe3e640000 - 0x00007ffe3f251000 	C:\Program Files\Java\jdk-18.0.2.1\bin\server\jvm.dll
0x00007ffeb5950000 - 0x00007ffeb5958000 	C:\WINDOWS\System32\PSAPI.DLL
0x00007ffeabb10000 - 0x00007ffeabb44000 	C:\WINDOWS\SYSTEM32\WINMM.dll
0x00007ffe76360000 - 0x00007ffe76369000 	C:\WINDOWS\SYSTEM32\WSOCK32.dll
0x00007ffeb5690000 - 0x00007ffeb5701000 	C:\WINDOWS\System32\WS2_32.dll
0x00007ffeb20a0000 - 0x00007ffeb20b8000 	C:\WINDOWS\SYSTEM32\kernel.appcore.dll
0x00007ffe74dc0000 - 0x00007ffe74dca000 	C:\Program Files\Java\jdk-18.0.2.1\bin\jimage.dll
0x00007ffeb0900000 - 0x00007ffeb0b2e000 	C:\WINDOWS\SYSTEM32\DBGHELP.DLL
0x00007ffeb3a20000 - 0x00007ffeb3daa000 	C:\WINDOWS\System32\combase.dll
0x00007ffeb3e30000 - 0x00007ffeb3f07000 	C:\WINDOWS\System32\OLEAUT32.dll
0x00007ffe966b0000 - 0x00007ffe966e2000 	C:\WINDOWS\SYSTEM32\dbgcore.DLL
0x00007ffeb34e0000 - 0x00007ffeb355a000 	C:\WINDOWS\System32\bcryptPrimitives.dll
0x00007ffe71520000 - 0x00007ffe71545000 	C:\Program Files\Java\jdk-18.0.2.1\bin\java.dll
0x00007ffe3e560000 - 0x00007ffe3e636000 	C:\Program Files\Java\jdk-18.0.2.1\bin\jsvml.dll
0x00007ffeb48b0000 - 0x00007ffeb5108000 	C:\WINDOWS\System32\SHELL32.dll
0x00007ffeb0ef0000 - 0x00007ffeb17e2000 	C:\WINDOWS\SYSTEM32\windows.storage.dll
0x00007ffeb0db0000 - 0x00007ffeb0eee000 	C:\WINDOWS\SYSTEM32\wintypes.dll
0x00007ffeb5960000 - 0x00007ffeb5a53000 	C:\WINDOWS\System32\SHCORE.dll
0x00007ffeb3db0000 - 0x00007ffeb3e0e000 	C:\WINDOWS\System32\shlwapi.dll
0x00007ffeb2f00000 - 0x00007ffeb2f26000 	C:\WINDOWS\SYSTEM32\profapi.dll
0x00007ffe4a690000 - 0x00007ffe4a6a3000 	C:\Program Files\Java\jdk-18.0.2.1\bin\net.dll
0x00007ffeab890000 - 0x00007ffeab9c7000 	C:\WINDOWS\SYSTEM32\WINHTTP.dll
0x00007ffeb2580000 - 0x00007ffeb25e9000 	C:\WINDOWS\system32\mswsock.dll
0x00007ffe48470000 - 0x00007ffe48486000 	C:\Program Files\Java\jdk-18.0.2.1\bin\nio.dll
0x00007ffe3e540000 - 0x00007ffe3e558000 	C:\Program Files\Java\jdk-18.0.2.1\bin\zip.dll
0x00007ffe49240000 - 0x00007ffe49250000 	C:\Program Files\Java\jdk-18.0.2.1\bin\verify.dll
0x00007ffeb1a70000 - 0x00007ffeb1b69000 	C:\WINDOWS\SYSTEM32\DNSAPI.dll
0x00007ffeb1a10000 - 0x00007ffeb1a3d000 	C:\WINDOWS\SYSTEM32\IPHLPAPI.DLL
0x00007ffeb3f10000 - 0x00007ffeb3f19000 	C:\WINDOWS\System32\NSI.dll
0x00007ffea6760000 - 0x00007ffea676a000 	C:\Windows\System32\rasadhlp.dll
0x00007ffeaa650000 - 0x00007ffeaa6d4000 	C:\WINDOWS\System32\fwpuclnt.dll
0x00007ffeb27e0000 - 0x00007ffeb27fb000 	C:\WINDOWS\SYSTEM32\CRYPTSP.dll
0x00007ffeb2060000 - 0x00007ffeb2095000 	C:\WINDOWS\system32\rsaenh.dll
0x00007ffeb2670000 - 0x00007ffeb269c000 	C:\WINDOWS\SYSTEM32\USERENV.dll
0x00007ffeb2990000 - 0x00007ffeb29b8000 	C:\WINDOWS\SYSTEM32\bcrypt.dll
0x00007ffeb27d0000 - 0x00007ffeb27dc000 	C:\WINDOWS\SYSTEM32\CRYPTBASE.dll
0x00007ffeab540000 - 0x00007ffeab559000 	C:\WINDOWS\SYSTEM32\dhcpcsvc6.DLL
0x00007ffeab460000 - 0x00007ffeab47f000 	C:\WINDOWS\SYSTEM32\dhcpcsvc.DLL
0x00007ffeafd10000 - 0x00007ffeafda7000 	C:\WINDOWS\system32\apphelp.dll
0x00007ffeaf1c0000 - 0x00007ffeaf1c9000 	C:\Program Files\Java\jdk-18.0.2.1\bin\management.dll
0x00007ffeaf110000 - 0x00007ffeaf11b000 	C:\Program Files\Java\jdk-18.0.2.1\bin\management_ext.dll
0x00007ffe486d0000 - 0x00007ffe486de000 	C:\Program Files\Java\jdk-18.0.2.1\bin\sunmscapi.dll
0x00007ffeb30f0000 - 0x00007ffeb3256000 	C:\WINDOWS\System32\CRYPT32.dll
0x00007ffeb2960000 - 0x00007ffeb298d000 	C:\WINDOWS\SYSTEM32\ncrypt.dll
0x00007ffeb2920000 - 0x00007ffeb2957000 	C:\WINDOWS\SYSTEM32\NTASN1.dll
0x00007ffe151e0000 - 0x00007ffe151f7000 	C:\WINDOWS\system32\napinsp.dll
0x00007ffe15200000 - 0x00007ffe1521b000 	C:\WINDOWS\system32\pnrpnsp.dll
0x00007ffe15220000 - 0x00007ffe15231000 	C:\WINDOWS\System32\winrnr.dll
0x00007ffeaaf20000 - 0x00007ffeaaf35000 	C:\WINDOWS\system32\wshbth.dll
0x00007ffe48400000 - 0x00007ffe48421000 	C:\WINDOWS\system32\nlansp_c.dll

dbghelp: loaded successfully - version: 4.0.5 - missing functions: none
symbol engine: initialized successfully - sym options: 0x614 - pdb path: .;C:\Program Files\Java\jdk-18.0.2.1\bin;C:\WINDOWS\SYSTEM32;C:\WINDOWS\WinSxS\amd64_microsoft.windows.common-controls_6595b64144ccf1df_6.0.22621.2361_none_2712ced57382f843;C:\Program Files\Java\jdk-18.0.2.1\bin\server

VM Arguments:
jvm_args: -ea -Dfile.encoding=UTF-8 -XX:+ShowCodeDetailsInExceptionMessages 
java_command: org.testng.remote.RemoteTestNG -serport 52643 -protocol json -d C:\Users\Lenovo\eclipse-workspace\grampower\test-output C:\Users\Lenovo\eclipse-workspace\grampower\testng.xml
java_class_path (initial): C:\Users\Lenovo\eclipse\java-2023-06\eclipse\configuration\org.eclipse.osgi\523\0\.cp\lib\testng-remote.jar;C:\Users\Lenovo\eclipse-workspace\grampower\target\test-classes;C:\Users\Lenovo\eclipse-workspace\grampower\target\classes;C:\Users\Lenovo\.m2\repository\org\seleniumhq\selenium\selenium-java\4.9.1\selenium-java-4.9.1.jar;C:\Users\Lenovo\.m2\repository\org\seleniumhq\selenium\selenium-api\4.9.1\selenium-api-4.9.1.jar;C:\Users\Lenovo\.m2\repository\org\seleniumhq\selenium\selenium-chrome-driver\4.9.1\selenium-chrome-driver-4.9.1.jar;C:\Users\Lenovo\.m2\repository\com\google\auto\service\auto-service-annotations\1.0.1\auto-service-annotations-1.0.1.jar;C:\Users\Lenovo\.m2\repository\com\google\auto\service\auto-service\1.0.1\auto-service-1.0.1.jar;C:\Users\Lenovo\.m2\repository\com\google\auto\auto-common\1.2\auto-common-1.2.jar;C:\Users\Lenovo\.m2\repository\com\google\guava\guava\31.1-jre\guava-31.1-jre.jar;C:\Users\Lenovo\.m2\repository\com\google\guava\failureaccess\1.0.1\failureaccess-1.0.1.jar;C:\Users\Lenovo\.m2\repository\com\google\guava\listenablefuture\9999.0-empty-to-avoid-conflict-with-guava\listenablefuture-9999.0-empty-to-avoid-conflict-with-guava.jar;C:\Users\Lenovo\.m2\repository\com\google\code\findbugs\jsr305\3.0.2\jsr305-3.0.2.jar;C:\Users\Lenovo\.m2\repository\org\checkerframework\checker-qual\3.12.0\checker-qual-3.12.0.jar;C:\Users\Lenovo\.m2\repository\com\google\errorprone\error_prone_annotations\2.11.0\error_prone_annotations-2.11.0.jar;C:\Users\Lenovo\.m2\repository\com\google\j2objc\j2objc-annotations\1.3\j2objc-annotations-1.3.jar;C:\Users\Lenovo\.m2\repository\org\seleniumhq\selenium\selenium-chromium-driver\4.9.1\selenium-chromium-driver-4.9.1.jar;C:\Users\Lenovo\.m2\repository\org\seleniumhq\selenium\selenium-json\4.9.1\selenium-json-4.9.1.jar;C:\Users\Lenovo\.m2\repository\org\seleniumhq\selenium\selenium-manager\4.9.1\selenium-manager-4.9.1.jar;C:\Users\Lenovo\.m2\repository\org\seleniumhq\selenium\selenium-devtools-v111\4.9.1\selenium-devtools-v111-4.9.1.jar;C:\Users\Lenovo\.m2\repository\org\seleniumhq\selenium\selenium-devtools-v112\4.9.1\selenium-devtools-v112-4.9.1.jar;C:\Users\Lenovo\.m2\repository\org\seleniumhq\selenium\selenium-devtools-v113\4.9.1\selenium-devtools-v113-4.9.1.jar;C:\Users\Lenovo\.m2\repository\org\seleniumhq\selenium\selenium-devtools-v85\4.9.1\selenium-devtools-v85-4.9.1.jar;C:\Users\Lenovo\.m2\repository\org\seleniumhq\selenium\selenium-edge-driver\4.9.1\selenium-edge-driver-4.9.1.jar;C:\Users\Lenovo\.m2\repository\org\seleniumhq\selenium\selenium-firefox-driver\4.9.1\selenium-firefox-driver-4.9.1.jar;C:\Users\Lenovo\.m2\repository\org\seleniumhq\selenium\selenium-http\4.9.1\selenium-http-4.9.1.jar;C:\Users\Lenovo\.m2\repository\dev\failsafe\failsafe\3.3.1\failsafe-3.3.1.jar;C:\Users\Lenovo\.m2\repository\org\seleniumhq\selenium\selenium-ie-driver\4.9.1\selenium-ie-driver-4.9.1.jar;C:\Users\Lenovo\.m2\repository\org\seleniumhq\selenium\selenium-remote-driver\4.9.1\selenium-remote-driver-4.9.1.jar;C:\Users\Lenovo\.m2\repository\io\netty\netty-buffer\4.1.91.Final\netty-buffer-4.1.91.Final.jar;C:\Users\Lenovo\.m2\repository\io\netty\netty-codec-http\4.1.91.Final\netty-codec-http-4.1.91.Final.jar;C:\Users\Lenovo\.m2\repository\io\netty\netty-codec\4.1.91.Final\netty-codec-4.1.91.Final.jar;C:\Users\Lenovo\.m2\repository\io\netty\netty-handler\4.1.91.Final\netty-handler-4.1.91.Final.jar;C:\Users\Lenovo\.m2\repository\io\netty\netty-common\4.1.91.Final\netty-common-4.1.91.Final.jar;C:\Users\Lenovo\.m2\repository\io\netty\netty-transport-classes-epoll\4.1.91.Final\netty-transport-classes-epoll-4.1.91.Final.jar;C:\Users\Lenovo\.m2\repository\io\netty\netty-transport-classes-kqueue\4.1.91.Final\netty-transport-classes-kqueue-4.1.91.Final.jar;C:\Users\Lenovo\.m2\repository\io\netty\netty-transport-native-epoll\4.1.91.Final\netty-transport-native-epoll-4.1.91.Final.jar;C:\Users\Lenovo\.m2\repository\io\netty\netty-transport-native-kqueue\4.1.91.Final\netty-transport-native-kqueue-4.1.91.Final.jar;C:\Users\Lenovo\.m2\repository\io\netty\netty-transport-native-unix-common\4.1.91.Final\netty-transport-native-unix-common-4.1.91.Final.jar;C:\Users\Lenovo\.m2\repository\io\netty\netty-transport\4.1.91.Final\netty-transport-4.1.91.Final.jar;C:\Users\Lenovo\.m2\repository\io\netty\netty-resolver\4.1.91.Final\netty-resolver-4.1.91.Final.jar;C:\Users\Lenovo\.m2\repository\io\opentelemetry\opentelemetry-api\1.25.0\opentelemetry-api-1.25.0.jar;C:\Users\Lenovo\.m2\repository\io\opentelemetry\opentelemetry-context\1.25.0\opentelemetry-context-1.25.0.jar;C:\Users\Lenovo\.m2\repository\io\opentelemetry\opentelemetry-exporter-logging\1.25.0\opentelemetry-exporter-logging-1.25.0.jar;C:\Users\Lenovo\.m2\repository\io\opentelemetry\opentelemetry-sdk-metrics\1.25.0\opentelemetry-sdk-metrics-1.25.0.jar;C:\Users\Lenovo\.m2\repository\io\opentelemetry\opentelemetry-sdk-logs\1.25.0-alpha\opentelemetry-sdk-logs-1.25.0-alpha.jar;C:\Users\Lenovo\.m2\repository\io\opentelemetry\opentelemetry-api-logs\1.25.0-alpha\opentelemetry-api-logs-1.25.0-alpha.jar;C:\Users\Lenovo\.m2\repository\io\opentelemetry\opentelemetry-api-events\1.25.0-alpha\opentelemetry-api-events-1.25.0-alpha.jar;C:\Users\Lenovo\.m2\repository\io\opentelemetry\opentelemetry-sdk-common\1.25.0\opentelemetry-sdk-common-1.25.0.jar;C:\Users\Lenovo\.m2\repository\io\opentelemetry\opentelemetry-sdk-extension-autoconfigure-spi\1.25.0\opentelemetry-sdk-extension-autoconfigure-spi-1.25.0.jar;C:\Users\Lenovo\.m2\repository\io\opentelemetry\opentelemetry-sdk-extension-autoconfigure\1.25.0-alpha\opentelemetry-sdk-extension-autoconfigure-1.25.0-alpha.jar;C:\Users\Lenovo\.m2\repository\io\opentelemetry\opentelemetry-sdk-trace\1.25.0\opentelemetry-sdk-trace-1.25.0.jar;C:\Users\Lenovo\.m2\repository\io\opentelemetry\opentelemetry-sdk\1.25.0\opentelemetry-sdk-1.25.0.jar;C:\Users\Lenovo\.m2\repository\io\opentelemetry\opentelemetry-semconv\1.25.0-alpha\opentelemetry-semconv-1.25.0-alpha.jar;C:\Users\Lenovo\.m2\repository\io\ous\jtoml\2.0.0\jtoml-2.0.0.jar;C:\Users\Lenovo\.m2\repository\net\bytebuddy\byte-buddy\1.14.4\byte-buddy-1.14.4.jar;C:\Users\Lenovo\.m2\repository\org\apache\commons\commons-exec\1.3\commons-exec-1.3.jar;C:\Users\Lenovo\.m2\repository\org\asynchttpclient\async-http-client\2.12.3\async-http-client-2.12.3.jar;C:\Users\Lenovo\.m2\repository\org\asynchttpclient\async-http-client-netty-utils\2.12.3\async-http-client-netty-utils-2.12.3.jar;C:\Users\Lenovo\.m2\repository\io\netty\netty-codec-socks\4.1.60.Final\netty-codec-socks-4.1.60.Final.jar;C:\Users\Lenovo\.m2\repository\io\netty\netty-handler-proxy\4.1.60.Final\netty-handler-proxy-4.1.60.Final.jar;C:\Users\Lenovo\.m2\repository\io\netty\netty-transport-native-epoll\4.1.60.Final\netty-transport-native-epoll-4.1.60.Final-linux-x86_64.jar;C:\Users\Lenovo\.m2\repository\io\netty\netty-transport-native-kqueue\4.1.60.Final\netty-transport-native-kqueue-4.1.60.Final-osx-x86_64.jar;C:\Users\Lenovo\.m2\repository\org\reactivestreams\reactive-streams\1.0.3\reactive-streams-1.0.3.jar;C:\Users\Lenovo\.m2\repository\com\typesafe\netty\netty-reactive-streams\2.0.4\netty-reactive-streams-2.0.4.jar;C:\Users\Lenovo\.m2\repository\com\sun\activation\jakarta.activation\1.2.2\jakarta.activation-1.2.2.jar;C:\Users\Lenovo\.m2\repository\org\seleniumhq\selenium\selenium-safari-driver\4.9.1\selenium-safari-driver-4.9.1.jar;C:\Users\Lenovo\.m2\repository\org\seleniumhq\selenium\selenium-support\4.9.1\selenium-support-4.9.1.jar;C:\Users\Lenovo\.m2\repository\org\testng\testng\7.7.1\testng-7.7.1.jar;C:\Users\Lenovo\.m2\repository\org\slf4j\slf4j-api\1.7.36\slf4j-api-1.7.36.jar;C:\Users\Lenovo\.m2\repository\com\beust\jcommander\1.82\jcommander-1.82.jar;C:\Users\Lenovo\.m2\repository\org\webjars\jquery\3.6.1\jquery-3.6.1.jar;C:\Users\Lenovo\.m2\repository\com\aventstack\extentreports\4.0.9\extentreports-4.0.9.jar;C:\Users\Lenovo\.m2\repository\org\freemarker\freemarker\2.3.23\freemarker-2.3.23.jar;C:\Users\Lenovo\.m2\repository\org\mongodb\mongodb-driver\3.3.0\mongodb-driver-3.3.0.jar;C:\Users\Lenovo\.m2\repository\org\mongodb\mongodb-driver-core\3.3.0\mongodb-driver-core-3.3.0.jar;C:\Users\Lenovo\.m2\repository\org\mongodb\bson\3.3.0\bson-3.3.0.jar;C:\Users\Lenovo\.m2\repository\org\apache\httpcomponents\httpclient\4.5.2\httpclient-4.5.2.jar;C:\Users\Lenovo\.m2\repository\org\apache\httpcomponents\httpcore\4.4.4\httpcore-4.4.4.jar;C:\Users\Lenovo\.m2\repository\commons-logging\commons-logging\1.2\commons-logging-1.2.jar;C:\Users\Lenovo\.m2\repository\commons-codec\commons-codec\1.9\commons-codec-1.9.jar;C:\Users\Lenovo\.m2\repository\org\apache\httpcomponents\httpmime\4.5.2\httpmime-4.5.2.jar;C:\Users\Lenovo\.m2\repository\com\google\code\gson\gson\2.8.5\gson-2.8.5.jar
Launcher Type: SUN_STANDARD

[Global flags]
     intx CICompilerCount                          = 4                                         {product} {ergonomic}
     uint ConcGCThreads                            = 2                                         {product} {ergonomic}
     uint G1ConcRefinementThreads                  = 8                                         {product} {ergonomic}
   size_t G1HeapRegionSize                         = 1048576                                   {product} {ergonomic}
    uintx GCDrainStackTargetSize                   = 64                                        {product} {ergonomic}
   size_t InitialHeapSize                          = 132120576                                 {product} {ergonomic}
   size_t MarkStackSize                            = 4194304                                   {product} {ergonomic}
   size_t MaxHeapSize                              = 2113929216                                {product} {ergonomic}
   size_t MaxNewSize                               = 1267728384                                {product} {ergonomic}
   size_t MinHeapDeltaBytes                        = 1048576                                   {product} {ergonomic}
   size_t MinHeapSize                              = 8388608                                   {product} {ergonomic}
    uintx NonNMethodCodeHeapSize                   = 5839372                                {pd product} {ergonomic}
    uintx NonProfiledCodeHeapSize                  = 122909434                              {pd product} {ergonomic}
    uintx ProfiledCodeHeapSize                     = 122909434                              {pd product} {ergonomic}
    uintx ReservedCodeCacheSize                    = 251658240                              {pd product} {ergonomic}
     bool SegmentedCodeCache                       = true                                      {product} {ergonomic}
     bool ShowCodeDetailsInExceptionMessages       = true                                   {manageable} {command line}
   size_t SoftMaxHeapSize                          = 2113929216                             {manageable} {ergonomic}
     bool UseCompressedClassPointers               = true                           {product lp64_product} {ergonomic}
     bool UseCompressedOops                        = true                           {product lp64_product} {ergonomic}
     bool UseG1GC                                  = true                                      {product} {ergonomic}
     bool UseLargePagesIndividualAllocation        = false                                  {pd product} {ergonomic}

Logging:
Log output configuration:
 #0: stdout all=warning uptime,level,tags foldmultilines=false
 #1: stderr all=off uptime,level,tags foldmultilines=false

Environment Variables:
JAVA_HOME=C:\Program Files\JAVA Install\jdk-17_windows-x64_bin
PATH=D:\SDET\app\oracle\product\11.2.0\server\bin;;D:\SDET\app\oracle\product\11.2.0\server\bin;D:\SDET\app\oracle\product\11.2.0\server\bin;C:\Program Files\Common Files\Oracle\Java\javapath;C:\Windows\system32;C:\Windows;C:\Windows\System32\Wbem;C:\Windows\System32\WindowsPowerShell\v1.0\;C:\Windows\System32\OpenSSH\;C:\Program Files (x86)\NVIDIA Corporation\PhysX\Common;C:\Program Files\NVIDIA Corporation\NVIDIA NvDLISR;C:\WINDOWS\system32;C:\WINDOWS;C:\WINDOWS\System32\Wbem;C:\WINDOWS\System32\WindowsPowerShell\v1.0\;C:\WINDOWS\System32\OpenSSH\;C:\JAVA Install\jdk-11.0.18\bin;C:\Program Files\Git\cmd;C:\MavenInstall\apache-maven-3.9.3\bin;C:\Program Files\JAVA Install\jdk-17_windows-x64_bin;C:\Program Files\Common Files\Oracle\Java\javapath;C:\Users\Lenovo\AppData\Local\Programs\Python\Python311\Scripts\;C:\Users\Lenovo\AppData\Local\Programs\Python\Python311\;C:\Users\Lenovo\AppData\Local\Microsoft\WindowsApps;C:\Users\Lenovo\AppData\Local\GitHubDesktop\bin;C:\ProgramData\Lenovo\GitHubDesktop\bin
USERNAME=Lenovo
OS=Windows_NT
PROCESSOR_IDENTIFIER=Intel64 Family 6 Model 165 Stepping 2, GenuineIntel



---------------  S Y S T E M  ---------------

OS:
 Windows 11 , 64 bit Build 22621 (10.0.22621.2428)
OS uptime: 0 days 10:41 hours

CPU: total 8 (initial active 8) (4 cores per cpu, 2 threads per core) family 6 model 165 stepping 2 microcode 0xe2, cx8, cmov, fxsr, ht, mmx, 3dnowpref, sse, sse2, sse3, ssse3, sse4.1, sse4.2, popcnt, lzcnt, tsc, tscinvbit, avx, avx2, aes, erms, clmul, bmi1, bmi2, adx, fma, vzeroupper, clflush, clflushopt

Memory: 4k page, system-wide physical 8059M (97M free)
TotalPageFile size 32635M (AvailPageFile size 0M)
current process WorkingSet (physical memory assigned to process): 113M, peak: 129M
current process commit charge ("private bytes"): 188M, peak: 255M

vm_info: Java HotSpot(TM) 64-Bit Server VM (18.0.2.1+1-1) for windows-amd64 JRE (18.0.2.1+1-1), built on Aug 16 2022 01:46:33 by "mach5one" with MS VC++ 16.8 / 16.9 (VS2019)

END.
